# JRE version: Java(TM) SE Runtime Environment (8.0_341-b10) (build 1.8.0_341-b10)
# Java VM: Java HotSpot(TM) 64-Bit Server VM (25.341-b10 mixed mode windows-amd64 compressed oops)
Heap:
 PSYoungGen      total 35328K, used 31383K [0x00000000d8d80000, 0x00000000db480000, 0x0000000100000000)
  eden space 30720K, 87% used [0x00000000d8d80000,0x00000000da7a9cb0,0x00000000dab80000)
  from space 4608K, 99% used [0x00000000dab80000,0x00000000daffc030,0x00000000db000000)
  to   space 4608K, 0% used [0x00000000db000000,0x00000000db000000,0x00000000db480000)
 ParOldGen       total 80896K, used 3259K [0x000000008a800000, 0x000000008f700000, 0x00000000d8d80000)
  object space 80896K, 4% used [0x000000008a800000,0x000000008ab2eef0,0x000000008f700000)
 Metaspace       used 17348K, capacity 17732K, committed 17920K, reserved 1064960K
  class space    used 2157K, capacity 2283K, committed 2304K, reserved 1048576K
GC Heap History (6 events):
Event: 0.449 GC heap before
{Heap before GC invocations=1 (full 0):
 PSYoungGen      total 35328K, used 30720K [0x00000000d8d80000, 0x00000000db480000, 0x0000000100000000)
  eden space 30720K, 100% used [0x00000000d8d80000,0x00000000dab80000,0x00000000dab80000)
  from space 4608K, 0% used [0x00000000db000000,0x00000000db000000,0x00000000db480000)
  to   space 4608K, 0% used [0x00000000dab80000,0x00000000dab80000,0x00000000db000000)
 ParOldGen       total 80896K, used 0K [0x000000008a800000, 0x000000008f700000, 0x00000000d8d80000)
  object space 80896K, 0% used [0x000000008a800000,0x000000008a800000,0x000000008f700000)
 Metaspace       used 7522K, capacity 7618K, committed 7680K, reserved 1056768K
  class space    used 942K, capacity 985K, committed 1024K, reserved 1048576K
Event: 0.457 GC heap after
Heap after GC invocations=1 (full 0):
 PSYoungGen      total 35328K, used 4406K [0x00000000d8d80000, 0x00000000db480000, 0x0000000100000000)
  eden space 30720K, 0% used [0x00000000d8d80000,0x00000000d8d80000,0x00000000dab80000)
  from space 4608K, 95% used [0x00000000dab80000,0x00000000dafcd980,0x00000000db000000)
  to   space 4608K, 0% used [0x00000000db000000,0x00000000db000000,0x00000000db480000)
 ParOldGen       total 80896K, used 16K [0x000000008a800000, 0x000000008f700000, 0x00000000d8d80000)
  object space 80896K, 0% used [0x000000008a800000,0x000000008a804000,0x000000008f700000)
 Metaspace       used 7522K, capacity 7618K, committed 7680K, reserved 1056768K
  class space    used 942K, capacity 985K, committed 1024K, reserved 1048576K
}
Event: 1.443 GC heap before
{Heap before GC invocations=2 (full 0):
 PSYoungGen      total 35328K, used 35126K [0x00000000d8d80000, 0x00000000db480000, 0x0000000100000000)
  eden space 30720K, 100% used [0x00000000d8d80000,0x00000000dab80000,0x00000000dab80000)
  from space 4608K, 95% used [0x00000000dab80000,0x00000000dafcd980,0x00000000db000000)
  to   space 4608K, 0% used [0x00000000db000000,0x00000000db000000,0x00000000db480000)
 ParOldGen       total 80896K, used 16K [0x000000008a800000, 0x000000008f700000, 0x00000000d8d80000)
  object space 80896K, 0% used [0x000000008a800000,0x000000008a804000,0x000000008f700000)
 Metaspace       used 12172K, capacity 12396K, committed 12672K, reserved 1060864K
  class space    used 1499K, capacity 1573K, committed 1664K, reserved 1048576K
Event: 1.449 GC heap after
Heap after GC invocations=2 (full 0):
 PSYoungGen      total 35328K, used 4606K [0x00000000d8d80000, 0x00000000dd280000, 0x0000000100000000)
  eden space 30720K, 0% used [0x00000000d8d80000,0x00000000d8d80000,0x00000000dab80000)
  from space 4608K, 99% used [0x00000000db000000,0x00000000db47fbb0,0x00000000db480000)
  to   space 4608K, 0% used [0x00000000dab80000,0x00000000dab80000,0x00000000db000000)
 ParOldGen       total 80896K, used 2248K [0x000000008a800000, 0x000000008f700000, 0x00000000d8d80000)
  object space 80896K, 2% used [0x000000008a800000,0x000000008aa320d0,0x000000008f700000)
 Metaspace       used 12172K, capacity 12396K, committed 12672K, reserved 1060864K
  class space    used 1499K, capacity 1573K, committed 1664K, reserved 1048576K
}
Event: 2.378 GC heap before
{Heap before GC invocations=3 (full 0):
 PSYoungGen      total 35328K, used 35326K [0x00000000d8d80000, 0x00000000dd280000, 0x0000000100000000)
  eden space 30720K, 100% used [0x00000000d8d80000,0x00000000dab80000,0x00000000dab80000)
  from space 4608K, 99% used [0x00000000db000000,0x00000000db47fbb0,0x00000000db480000)
  to   space 4608K, 0% used [0x00000000dab80000,0x00000000dab80000,0x00000000db000000)
 ParOldGen       total 80896K, used 2248K [0x000000008a800000, 0x000000008f700000, 0x00000000d8d80000)
  object space 80896K, 2% used [0x000000008a800000,0x000000008aa320d0,0x000000008f700000)
 Metaspace       used 13158K, capacity 13416K, committed 13696K, reserved 1060864K
  class space    used 1606K, capacity 1651K, committed 1664K, reserved 1048576K
Event: 2.383 GC heap after
Heap after GC invocations=3 (full 0):
 PSYoungGen      total 35328K, used 4592K [0x00000000d8d80000, 0x00000000db480000, 0x0000000100000000)
  eden space 30720K, 0% used [0x00000000d8d80000,0x00000000d8d80000,0x00000000dab80000)
  from space 4608K, 99% used [0x00000000dab80000,0x00000000daffc030,0x00000000db000000)
  to   space 4608K, 0% used [0x00000000db000000,0x00000000db000000,0x00000000db480000)
 ParOldGen       total 80896K, used 3259K [0x000000008a800000, 0x000000008f700000, 0x00000000d8d80000)
  object space 80896K, 4% used [0x000000008a800000,0x000000008ab2eef0,0x000000008f700000)
 Metaspace       used 13158K, capacity 13416K, committed 13696K, reserved 1060864K
  class space    used 1606K, capacity 1651K, committed 1664K, reserved 1048576K
}

