# JRE version: Java(TM) SE Runtime Environment (8.0_341-b10) (build 1.8.0_341-b10)
# Java VM: Java HotSpot(TM) 64-Bit Server VM (25.341-b10 mixed mode windows-amd64 compressed oops)
Heap:
 PSYoungGen      total 35328K, used 14520K [0x00000000d8d80000, 0x00000000db480000, 0x0000000100000000)
  eden space 30720K, 32% used [0x00000000d8d80000,0x00000000d9733eb8,0x00000000dab80000)
  from space 4608K, 99% used [0x00000000db000000,0x00000000db47a298,0x00000000db480000)
  to   space 4608K, 0% used [0x00000000dab80000,0x00000000dab80000,0x00000000db000000)
 ParOldGen       total 80896K, used 2563K [0x000000008a800000, 0x000000008f700000, 0x00000000d8d80000)
  object space 80896K, 3% used [0x000000008a800000,0x000000008aa80f68,0x000000008f700000)
 Metaspace       used 12677K, capacity 12912K, committed 13184K, reserved 1060864K
  class space    used 1548K, capacity 1611K, committed 1664K, reserved 1048576K
GC Heap History (4 events):
Event: 0.517 GC heap before
{Heap before GC invocations=1 (full 0):
 PSYoungGen      total 35328K, used 30720K [0x00000000d8d80000, 0x00000000db480000, 0x0000000100000000)
  eden space 30720K, 100% used [0x00000000d8d80000,0x00000000dab80000,0x00000000dab80000)
  from space 4608K, 0% used [0x00000000db000000,0x00000000db000000,0x00000000db480000)
  to   space 4608K, 0% used [0x00000000dab80000,0x00000000dab80000,0x00000000db000000)
 ParOldGen       total 80896K, used 0K [0x000000008a800000, 0x000000008f700000, 0x00000000d8d80000)
  object space 80896K, 0% used [0x000000008a800000,0x000000008a800000,0x000000008f700000)
 Metaspace       used 7765K, capacity 7906K, committed 7936K, reserved 1056768K
  class space    used 978K, capacity 1017K, committed 1024K, reserved 1048576K
Event: 0.522 GC heap after
Heap after GC invocations=1 (full 0):
 PSYoungGen      total 35328K, used 4584K [0x00000000d8d80000, 0x00000000db480000, 0x0000000100000000)
  eden space 30720K, 0% used [0x00000000d8d80000,0x00000000d8d80000,0x00000000dab80000)
  from space 4608K, 99% used [0x00000000dab80000,0x00000000daffa0e0,0x00000000db000000)
  to   space 4608K, 0% used [0x00000000db000000,0x00000000db000000,0x00000000db480000)
 ParOldGen       total 80896K, used 177K [0x000000008a800000, 0x000000008f700000, 0x00000000d8d80000)
  object space 80896K, 0% used [0x000000008a800000,0x000000008a82c728,0x000000008f700000)
 Metaspace       used 7765K, capacity 7906K, committed 7936K, reserved 1056768K
  class space    used 978K, capacity 1017K, committed 1024K, reserved 1048576K
}
Event: 1.467 GC heap before
{Heap before GC invocations=2 (full 0):
 PSYoungGen      total 35328K, used 35304K [0x00000000d8d80000, 0x00000000db480000, 0x0000000100000000)
  eden space 30720K, 100% used [0x00000000d8d80000,0x00000000dab80000,0x00000000dab80000)
  from space 4608K, 99% used [0x00000000dab80000,0x00000000daffa0e0,0x00000000db000000)
  to   space 4608K, 0% used [0x00000000db000000,0x00000000db000000,0x00000000db480000)
 ParOldGen       total 80896K, used 177K [0x000000008a800000, 0x000000008f700000, 0x00000000d8d80000)
  object space 80896K, 0% used [0x000000008a800000,0x000000008a82c728,0x000000008f700000)
 Metaspace       used 12404K, capacity 12626K, committed 12928K, reserved 1060864K
  class space    used 1523K, capacity 1606K, committed 1664K, reserved 1048576K
Event: 1.473 GC heap after
Heap after GC invocations=2 (full 0):
 PSYoungGen      total 35328K, used 4584K [0x00000000d8d80000, 0x00000000db480000, 0x0000000100000000)
  eden space 30720K, 0% used [0x00000000d8d80000,0x00000000d8d80000,0x00000000dab80000)
  from space 4608K, 99% used [0x00000000db000000,0x00000000db47a298,0x00000000db480000)
  to   space 4608K, 0% used [0x00000000dab80000,0x00000000dab80000,0x00000000db000000)
 ParOldGen       total 80896K, used 2563K [0x000000008a800000, 0x000000008f700000, 0x00000000d8d80000)
  object space 80896K, 3% used [0x000000008a800000,0x000000008aa80f68,0x000000008f700000)
 Metaspace       used 12404K, capacity 12626K, committed 12928K, reserved 1060864K
  class space    used 1523K, capacity 1606K, committed 1664K, reserved 1048576K
}

